<html>
<head>
<title>TestNG:  Hub spot regression tests on chrome browser</title>
<link href="../testng.css" rel="stylesheet" type="text/css" />
<link href="../my-testng.css" rel="stylesheet" type="text/css" />

<style type="text/css">
.log { display: none;} 
.stack-trace { display: none;} 
</style>
<script type="text/javascript">
<!--
function flip(e) {
  current = e.style.display;
  if (current == 'block') {
    e.style.display = 'none';
    return 0;
  }
  else {
    e.style.display = 'block';
    return 1;
  }
}

function toggleBox(szDivId, elem, msg1, msg2)
{
  var res = -1;  if (document.getElementById) {
    res = flip(document.getElementById(szDivId));
  }
  else if (document.all) {
    // this is the way old msie versions work
    res = flip(document.all[szDivId]);
  }
  if(elem) {
    if(res == 0) elem.innerHTML = msg1; else elem.innerHTML = msg2;
  }

}

function toggleAllBoxes() {
  if (document.getElementsByTagName) {
    d = document.getElementsByTagName('div');
    for (i = 0; i < d.length; i++) {
      if (d[i].className == 'log') {
        flip(d[i]);
      }
    }
  }
}

// -->
</script>

</head>
<body>
<h2 align='center'>Hub spot regression tests on chrome browser</h2><table border='1' align="center">
<tr>
<td>Tests passed/Failed/Skipped:</td><td>11/0/0</td>
</tr><tr>
<td>Started on:</td><td>Sat May 02 06:45:35 EDT 2020</td>
</tr>
<tr><td>Total time:</td><td>382 seconds (382520 ms)</td>
</tr><tr>
<td>Included groups:</td><td></td>
</tr><tr>
<td>Excluded groups:</td><td></td>
</tr>
</table><p/>
<small><i>(Hover the method name to see the test class name)</i></small><p/>
<table width='100%' border='1' class='invocation-failed'>
<tr><td colspan='4' align='center'><b>FAILED CONFIGURATIONS</b></td></tr>
<tr><td><b>Test method</b></td>
<td width="30%"><b>Exception</b></td>
<td width="10%"><b>Time (seconds)</b></td>
<td><b>Instance</b></td>
</tr>
<tr>
<td title='com.crm.testcases.CompaniesTest.setUp()'><b>setUp</b><br>Test class: com.crm.testcases.CompaniesTest<br>Parameters: FF</td>
<td><div><pre>org.openqa.selenium.ElementClickInterceptedException: Element &lt;a id=&quot;nav-primary-contacts-branch&quot; class=&quot;primary-link&quot; href=&quot;?isDestination=false&quot;&gt; is not clickable at point (108,27) because another element &lt;div class=&quot;private-overlay uiOverlay-backdrop private-overlay--light&quot;&gt; obscures it
Build info: version: &apos;3.141.59&apos;, revision: &apos;e82be7d358&apos;, time: &apos;2018-11-14T08:17:03&apos;
System info: host: &apos;DESKTOP-OQCEQJM&apos;, ip: &apos;192.168.1.2&apos;, os.name: &apos;Windows 10&apos;, os.arch: &apos;amd64&apos;, os.version: &apos;10.0&apos;, java.version: &apos;1.8.0_191&apos;
Driver info: org.openqa.selenium.firefox.FirefoxDriver
Capabilities {acceptInsecureCerts: true, browserName: firefox, browserVersion: 72.0.1, javascriptEnabled: true, moz:accessibilityChecks: false, moz:buildID: 20200107212822, moz:geckodriverVersion: 0.26.0, moz:headless: false, moz:processID: 19464, moz:profile: C:\Users\DG1S5M2\AppData\Lo..., moz:shutdownTimeout: 60000, moz:useNonSpecCompliantPointerOrigin: false, moz:webdriverClick: true, pageLoadStrategy: normal, platform: WINDOWS, platformName: WINDOWS, platformVersion: 10.0, rotatable: false, setWindowRect: true, strictFileInteractability: false, timeouts: {implicit: 0, pageLoad: 300000, script: 30000}, unhandledPromptBehavior: dismiss and notify}
Session ID: f8a7e274-55e2-4f3b-a05e-4ce96264f463
	at org.openqa.selenium.remote.http.W3CHttpResponseCodec.createException(W3CHttpResponseCodec.java:187)
	at org.openqa.selenium.remote.http.W3CHttpResponseCodec.decode(W3CHttpResponseCodec.java:122)
	at org.openqa.selenium.remote.http.W3CHttpResponseCodec.decode(W3CHttpResponseCodec.java:49)
	at org.openqa.selenium.remote.HttpCommandExecutor.execute(HttpCommandExecutor.java:158)
	at org.openqa.selenium.remote.service.DriverCommandExecutor.execute(DriverCommandExecutor.java:83)
	at org.openqa.selenium.remote.RemoteWebDriver.execute(RemoteWebDriver.java:552)
	at org.openqa.selenium.remote.RemoteWebElement.execute(RemoteWebElement.java:285)
	at org.openqa.selenium.remote.RemoteWebElement.click(RemoteWebElement.java:84)
	at org.openqa.selenium.support.pagefactory.internal.LocatingElementHandler.invoke(LocatingElementHandler.java:51)
	at com.sun.proxy.$Proxy27.click(Unknown Source)
	at com.freecrm.pages.Home.clickOnContactDD(Home.java:35)
	at com.freecrm.pages.Contacts.goToCompaniesPage(Contacts.java:156)
	at com.crm.testcases.CompaniesTest.setUp(CompaniesTest.java:38)
	at java.util.ArrayList.forEach(Unknown Source)
	at java.util.concurrent.FutureTask.run(Unknown Source)
	at java.util.concurrent.ThreadPoolExecutor.runWorker(Unknown Source)
	at java.util.concurrent.ThreadPoolExecutor$Worker.run(Unknown Source)
	at java.lang.Thread.run(Unknown Source)
... Removed 30 stack frames</pre></div><a href='#' onClick='toggleBox("stack-trace576851038", this, "Click to show all stack frames", "Click to hide stack frames")'>Click to show all stack frames</a>
<div class='stack-trace' id='stack-trace576851038'><pre>org.openqa.selenium.ElementClickInterceptedException: Element &lt;a id=&quot;nav-primary-contacts-branch&quot; class=&quot;primary-link&quot; href=&quot;?isDestination=false&quot;&gt; is not clickable at point (108,27) because another element &lt;div class=&quot;private-overlay uiOverlay-backdrop private-overlay--light&quot;&gt; obscures it
Build info: version: &apos;3.141.59&apos;, revision: &apos;e82be7d358&apos;, time: &apos;2018-11-14T08:17:03&apos;
System info: host: &apos;DESKTOP-OQCEQJM&apos;, ip: &apos;192.168.1.2&apos;, os.name: &apos;Windows 10&apos;, os.arch: &apos;amd64&apos;, os.version: &apos;10.0&apos;, java.version: &apos;1.8.0_191&apos;
Driver info: org.openqa.selenium.firefox.FirefoxDriver
Capabilities {acceptInsecureCerts: true, browserName: firefox, browserVersion: 72.0.1, javascriptEnabled: true, moz:accessibilityChecks: false, moz:buildID: 20200107212822, moz:geckodriverVersion: 0.26.0, moz:headless: false, moz:processID: 19464, moz:profile: C:\Users\DG1S5M2\AppData\Lo..., moz:shutdownTimeout: 60000, moz:useNonSpecCompliantPointerOrigin: false, moz:webdriverClick: true, pageLoadStrategy: normal, platform: WINDOWS, platformName: WINDOWS, platformVersion: 10.0, rotatable: false, setWindowRect: true, strictFileInteractability: false, timeouts: {implicit: 0, pageLoad: 300000, script: 30000}, unhandledPromptBehavior: dismiss and notify}
Session ID: f8a7e274-55e2-4f3b-a05e-4ce96264f463
	at sun.reflect.NativeConstructorAccessorImpl.newInstance0(Native Method)
	at sun.reflect.NativeConstructorAccessorImpl.newInstance(Unknown Source)
	at sun.reflect.DelegatingConstructorAccessorImpl.newInstance(Unknown Source)
	at java.lang.reflect.Constructor.newInstance(Unknown Source)
	at org.openqa.selenium.remote.http.W3CHttpResponseCodec.createException(W3CHttpResponseCodec.java:187)
	at org.openqa.selenium.remote.http.W3CHttpResponseCodec.decode(W3CHttpResponseCodec.java:122)
	at org.openqa.selenium.remote.http.W3CHttpResponseCodec.decode(W3CHttpResponseCodec.java:49)
	at org.openqa.selenium.remote.HttpCommandExecutor.execute(HttpCommandExecutor.java:158)
	at org.openqa.selenium.remote.service.DriverCommandExecutor.execute(DriverCommandExecutor.java:83)
	at org.openqa.selenium.remote.RemoteWebDriver.execute(RemoteWebDriver.java:552)
	at org.openqa.selenium.remote.RemoteWebElement.execute(RemoteWebElement.java:285)
	at org.openqa.selenium.remote.RemoteWebElement.click(RemoteWebElement.java:84)
	at sun.reflect.NativeMethodAccessorImpl.invoke0(Native Method)
	at sun.reflect.NativeMethodAccessorImpl.invoke(Unknown Source)
	at sun.reflect.DelegatingMethodAccessorImpl.invoke(Unknown Source)
	at java.lang.reflect.Method.invoke(Unknown Source)
	at org.openqa.selenium.support.pagefactory.internal.LocatingElementHandler.invoke(LocatingElementHandler.java:51)
	at com.sun.proxy.$Proxy27.click(Unknown Source)
	at com.freecrm.pages.Home.clickOnContactDD(Home.java:35)
	at com.freecrm.pages.Contacts.goToCompaniesPage(Contacts.java:156)
	at com.crm.testcases.CompaniesTest.setUp(CompaniesTest.java:38)
	at sun.reflect.NativeMethodAccessorImpl.invoke0(Native Method)
	at sun.reflect.NativeMethodAccessorImpl.invoke(Unknown Source)
	at sun.reflect.DelegatingMethodAccessorImpl.invoke(Unknown Source)
	at java.lang.reflect.Method.invoke(Unknown Source)
	at org.testng.internal.MethodInvocationHelper.invokeMethod(MethodInvocationHelper.java:134)
	at org.testng.internal.MethodInvocationHelper.invokeMethodConsideringTimeout(MethodInvocationHelper.java:63)
	at org.testng.internal.ConfigInvoker.invokeConfigurationMethod(ConfigInvoker.java:348)
	at org.testng.internal.ConfigInvoker.invokeConfigurations(ConfigInvoker.java:302)
	at org.testng.internal.TestInvoker.runConfigMethods(TestInvoker.java:695)
	at org.testng.internal.TestInvoker.invokeMethod(TestInvoker.java:523)
	at org.testng.internal.TestInvoker.invokeTestMethod(TestInvoker.java:173)
	at org.testng.internal.MethodRunner.runInSequence(MethodRunner.java:46)
	at org.testng.internal.TestInvoker$MethodInvocationAgent.invoke(TestInvoker.java:816)
	at org.testng.internal.TestInvoker.invokeTestMethods(TestInvoker.java:146)
	at org.testng.internal.TestMethodWorker.invokeTestMethods(TestMethodWorker.java:146)
	at org.testng.internal.TestMethodWorker.run(TestMethodWorker.java:128)
	at java.util.ArrayList.forEach(Unknown Source)
	at org.testng.TestRunner.privateRun(TestRunner.java:766)
	at org.testng.TestRunner.run(TestRunner.java:587)
	at org.testng.SuiteRunner.runTest(SuiteRunner.java:384)
	at org.testng.SuiteRunner.access$000(SuiteRunner.java:28)
	at org.testng.SuiteRunner$SuiteWorker.run(SuiteRunner.java:425)
	at org.testng.internal.thread.ThreadUtil.lambda$execute$0(ThreadUtil.java:68)
	at java.util.concurrent.FutureTask.run(Unknown Source)
	at java.util.concurrent.ThreadPoolExecutor.runWorker(Unknown Source)
	at java.util.concurrent.ThreadPoolExecutor$Worker.run(Unknown Source)
	at java.lang.Thread.run(Unknown Source)
</pre></div></td>
<td>27</td>
<td>com.crm.testcases.CompaniesTest@4f67eb2a</td></tr>
</table><p>
<table width='100%' border='1' class='invocation-passed'>
<tr><td colspan='4' align='center'><b>PASSED TESTS</b></td></tr>
<tr><td><b>Test method</b></td>
<td width="30%"><b>Exception</b></td>
<td width="10%"><b>Time (seconds)</b></td>
<td><b>Instance</b></td>
</tr>
<tr>
<td title='com.crm.testcases.ContactsTest.testContactsTitle()'><b>testContactsTitle</b><br>Test class: com.crm.testcases.ContactsTest</td>
<td></td>
<td>4</td>
<td>com.crm.testcases.ContactsTest@46fa7c39</td></tr>
<tr>
<td title='com.crm.testcases.ContactsTest.testContactsTitle()'><b>testContactsTitle</b><br>Test class: com.crm.testcases.ContactsTest</td>
<td></td>
<td>1</td>
<td>com.crm.testcases.ContactsTest@3e96bacf</td></tr>
<tr>
<td title='com.crm.testcases.HomeTest.testHomePageHeaderDropdownLinks()'><b>testHomePageHeaderDropdownLinks</b><br>Test class: com.crm.testcases.HomeTest</td>
<td></td>
<td>5</td>
<td>com.crm.testcases.HomeTest@1fb700ee</td></tr>
<tr>
<td title='com.crm.testcases.HomeTest.testHomePageHeaderDropdownLinks()'><b>testHomePageHeaderDropdownLinks</b><br>Test class: com.crm.testcases.HomeTest</td>
<td></td>
<td>8</td>
<td>com.crm.testcases.HomeTest@484970b0</td></tr>
<tr>
<td title='com.crm.testcases.HomeTest.testHomePageUrl()'><b>testHomePageUrl</b><br>Test class: com.crm.testcases.HomeTest</td>
<td></td>
<td>2</td>
<td>com.crm.testcases.HomeTest@1fb700ee</td></tr>
<tr>
<td title='com.crm.testcases.HomeTest.testHomePageUrl()'><b>testHomePageUrl</b><br>Test class: com.crm.testcases.HomeTest</td>
<td></td>
<td>7</td>
<td>com.crm.testcases.HomeTest@484970b0</td></tr>
<tr>
<td title='com.crm.testcases.ContactsTest.testIfContactsCreated()'><b>testIfContactsCreated</b><br>Test class: com.crm.testcases.ContactsTest</td>
<td></td>
<td>19</td>
<td>com.crm.testcases.ContactsTest@46fa7c39</td></tr>
<tr>
<td title='com.crm.testcases.ContactsTest.testIfContactsCreated()'><b>testIfContactsCreated</b><br>Test class: com.crm.testcases.ContactsTest</td>
<td></td>
<td>19</td>
<td>com.crm.testcases.ContactsTest@3e96bacf</td></tr>
<tr>
<td title='com.crm.testcases.LoginTest.testLoginInCRM()'><b>testLoginInCRM</b><br>Test class: com.crm.testcases.LoginTest</td>
<td></td>
<td>7</td>
<td>com.crm.testcases.LoginTest@53aad5d5</td></tr>
<tr>
<td title='com.crm.testcases.LoginTest.testLoginInCRM()'><b>testLoginInCRM</b><br>Test class: com.crm.testcases.LoginTest</td>
<td></td>
<td>8</td>
<td>com.crm.testcases.LoginTest@3571b748</td></tr>
<tr>
<td title='com.crm.testcases.CompaniesTest.testSignOut()'><b>testSignOut</b><br>Test class: com.crm.testcases.CompaniesTest</td>
<td></td>
<td>8</td>
<td>com.crm.testcases.CompaniesTest@4470f8a6</td></tr>
<tr>
<td title='com.crm.testcases.ContactsTest.testcreateContacts()'><b>testcreateContacts</b><br>Test class: com.crm.testcases.ContactsTest<br>Parameters: abhi@web.com, Abhi, Patel, Engineer, 3214785124, New</td>
<td></td>
<td>12</td>
<td>com.crm.testcases.ContactsTest@46fa7c39</td></tr>
<tr>
<td title='com.crm.testcases.ContactsTest.testcreateContacts()'><b>testcreateContacts</b><br>Test class: com.crm.testcases.ContactsTest<br>Parameters: abhi@web.com, Abhi, Patel, Engineer, 3214785124, New</td>
<td></td>
<td>13</td>
<td>com.crm.testcases.ContactsTest@3e96bacf</td></tr>
<tr>
<td title='com.crm.testcases.ContactsTest.testcreateContacts()'><b>testcreateContacts</b><br>Test class: com.crm.testcases.ContactsTest<br>Parameters: priyal@web.com, Priyal, Patel, Pharma, 1452357894, Open</td>
<td></td>
<td>14</td>
<td>com.crm.testcases.ContactsTest@46fa7c39</td></tr>
<tr>
<td title='com.crm.testcases.ContactsTest.testcreateContacts()'><b>testcreateContacts</b><br>Test class: com.crm.testcases.ContactsTest<br>Parameters: priyal@web.com, Priyal, Patel, Pharma, 1452357894, Open</td>
<td></td>
<td>12</td>
<td>com.crm.testcases.ContactsTest@3e96bacf</td></tr>
<tr>
<td title='com.crm.testcases.ContactsTest.testcreateContacts()'><b>testcreateContacts</b><br>Test class: com.crm.testcases.ContactsTest<br>Parameters: Deepak@web.com, Deepak, Fatnani, Engineer, 7852469851, In progress</td>
<td></td>
<td>13</td>
<td>com.crm.testcases.ContactsTest@46fa7c39</td></tr>
<tr>
<td title='com.crm.testcases.ContactsTest.testcreateContacts()'><b>testcreateContacts</b><br>Test class: com.crm.testcases.ContactsTest<br>Parameters: Deepak@web.com, Deepak, Fatnani, Engineer, 7852469851, In progress</td>
<td></td>
<td>13</td>
<td>com.crm.testcases.ContactsTest@3e96bacf</td></tr>
<tr>
<td title='com.crm.testcases.ContactsTest.testcreateContacts()'><b>testcreateContacts</b><br>Test class: com.crm.testcases.ContactsTest<br>Parameters: Jaydeep@web.com, Jaydeep, Jani, Engineer, 8742469851, Connected</td>
<td></td>
<td>13</td>
<td>com.crm.testcases.ContactsTest@46fa7c39</td></tr>
<tr>
<td title='com.crm.testcases.ContactsTest.testcreateContacts()'><b>testcreateContacts</b><br>Test class: com.crm.testcases.ContactsTest<br>Parameters: Jaydeep@web.com, Jaydeep, Jani, Engineer, 8742469851, Connected</td>
<td></td>
<td>11</td>
<td>com.crm.testcases.ContactsTest@3e96bacf</td></tr>
<tr>
<td title='com.crm.testcases.ContactsTest.testcreateContacts()'><b>testcreateContacts</b><br>Test class: com.crm.testcases.ContactsTest<br>Parameters: Khushali@web.com, Khushali, Patel, MBA, 9854712487, Connected</td>
<td></td>
<td>12</td>
<td>com.crm.testcases.ContactsTest@46fa7c39</td></tr>
<tr>
<td title='com.crm.testcases.ContactsTest.testcreateContacts()'><b>testcreateContacts</b><br>Test class: com.crm.testcases.ContactsTest<br>Parameters: Khushali@web.com, Khushali, Patel, MBA, 9854712487, Connected</td>
<td></td>
<td>12</td>
<td>com.crm.testcases.ContactsTest@3e96bacf</td></tr>
</table><p>
<table width='100%' border='1' class='invocation-skipped'>
<tr><td colspan='4' align='center'><b>SKIPPED TESTS</b></td></tr>
<tr><td><b>Test method</b></td>
<td width="30%"><b>Exception</b></td>
<td width="10%"><b>Time (seconds)</b></td>
<td><b>Instance</b></td>
</tr>
<tr>
<td title='com.crm.testcases.CompaniesTest.testSignOut()'><b>testSignOut</b><br>Test class: com.crm.testcases.CompaniesTest</td>
<td><div><pre>org.openqa.selenium.ElementClickInterceptedException: Element &lt;a id=&quot;nav-primary-contacts-branch&quot; class=&quot;primary-link&quot; href=&quot;?isDestination=false&quot;&gt; is not clickable at point (108,27) because another element &lt;div class=&quot;private-overlay uiOverlay-backdrop private-overlay--light&quot;&gt; obscures it
Build info: version: &apos;3.141.59&apos;, revision: &apos;e82be7d358&apos;, time: &apos;2018-11-14T08:17:03&apos;
System info: host: &apos;DESKTOP-OQCEQJM&apos;, ip: &apos;192.168.1.2&apos;, os.name: &apos;Windows 10&apos;, os.arch: &apos;amd64&apos;, os.version: &apos;10.0&apos;, java.version: &apos;1.8.0_191&apos;
Driver info: org.openqa.selenium.firefox.FirefoxDriver
Capabilities {acceptInsecureCerts: true, browserName: firefox, browserVersion: 72.0.1, javascriptEnabled: true, moz:accessibilityChecks: false, moz:buildID: 20200107212822, moz:geckodriverVersion: 0.26.0, moz:headless: false, moz:processID: 19464, moz:profile: C:\Users\DG1S5M2\AppData\Lo..., moz:shutdownTimeout: 60000, moz:useNonSpecCompliantPointerOrigin: false, moz:webdriverClick: true, pageLoadStrategy: normal, platform: WINDOWS, platformName: WINDOWS, platformVersion: 10.0, rotatable: false, setWindowRect: true, strictFileInteractability: false, timeouts: {implicit: 0, pageLoad: 300000, script: 30000}, unhandledPromptBehavior: dismiss and notify}
Session ID: f8a7e274-55e2-4f3b-a05e-4ce96264f463
	at org.openqa.selenium.remote.http.W3CHttpResponseCodec.createException(W3CHttpResponseCodec.java:187)
	at org.openqa.selenium.remote.http.W3CHttpResponseCodec.decode(W3CHttpResponseCodec.java:122)
	at org.openqa.selenium.remote.http.W3CHttpResponseCodec.decode(W3CHttpResponseCodec.java:49)
	at org.openqa.selenium.remote.HttpCommandExecutor.execute(HttpCommandExecutor.java:158)
	at org.openqa.selenium.remote.service.DriverCommandExecutor.execute(DriverCommandExecutor.java:83)
	at org.openqa.selenium.remote.RemoteWebDriver.execute(RemoteWebDriver.java:552)
	at org.openqa.selenium.remote.RemoteWebElement.execute(RemoteWebElement.java:285)
	at org.openqa.selenium.remote.RemoteWebElement.click(RemoteWebElement.java:84)
	at org.openqa.selenium.support.pagefactory.internal.LocatingElementHandler.invoke(LocatingElementHandler.java:51)
	at com.sun.proxy.$Proxy27.click(Unknown Source)
	at com.freecrm.pages.Home.clickOnContactDD(Home.java:35)
	at com.freecrm.pages.Contacts.goToCompaniesPage(Contacts.java:156)
	at com.crm.testcases.CompaniesTest.setUp(CompaniesTest.java:38)
	at java.util.ArrayList.forEach(Unknown Source)
	at java.util.concurrent.FutureTask.run(Unknown Source)
	at java.util.concurrent.ThreadPoolExecutor.runWorker(Unknown Source)
	at java.util.concurrent.ThreadPoolExecutor$Worker.run(Unknown Source)
	at java.lang.Thread.run(Unknown Source)
... Removed 30 stack frames</pre></div><a href='#' onClick='toggleBox("stack-trace514861946", this, "Click to show all stack frames", "Click to hide stack frames")'>Click to show all stack frames</a>
<div class='stack-trace' id='stack-trace514861946'><pre>org.openqa.selenium.ElementClickInterceptedException: Element &lt;a id=&quot;nav-primary-contacts-branch&quot; class=&quot;primary-link&quot; href=&quot;?isDestination=false&quot;&gt; is not clickable at point (108,27) because another element &lt;div class=&quot;private-overlay uiOverlay-backdrop private-overlay--light&quot;&gt; obscures it
Build info: version: &apos;3.141.59&apos;, revision: &apos;e82be7d358&apos;, time: &apos;2018-11-14T08:17:03&apos;
System info: host: &apos;DESKTOP-OQCEQJM&apos;, ip: &apos;192.168.1.2&apos;, os.name: &apos;Windows 10&apos;, os.arch: &apos;amd64&apos;, os.version: &apos;10.0&apos;, java.version: &apos;1.8.0_191&apos;
Driver info: org.openqa.selenium.firefox.FirefoxDriver
Capabilities {acceptInsecureCerts: true, browserName: firefox, browserVersion: 72.0.1, javascriptEnabled: true, moz:accessibilityChecks: false, moz:buildID: 20200107212822, moz:geckodriverVersion: 0.26.0, moz:headless: false, moz:processID: 19464, moz:profile: C:\Users\DG1S5M2\AppData\Lo..., moz:shutdownTimeout: 60000, moz:useNonSpecCompliantPointerOrigin: false, moz:webdriverClick: true, pageLoadStrategy: normal, platform: WINDOWS, platformName: WINDOWS, platformVersion: 10.0, rotatable: false, setWindowRect: true, strictFileInteractability: false, timeouts: {implicit: 0, pageLoad: 300000, script: 30000}, unhandledPromptBehavior: dismiss and notify}
Session ID: f8a7e274-55e2-4f3b-a05e-4ce96264f463
	at sun.reflect.NativeConstructorAccessorImpl.newInstance0(Native Method)
	at sun.reflect.NativeConstructorAccessorImpl.newInstance(Unknown Source)
	at sun.reflect.DelegatingConstructorAccessorImpl.newInstance(Unknown Source)
	at java.lang.reflect.Constructor.newInstance(Unknown Source)
	at org.openqa.selenium.remote.http.W3CHttpResponseCodec.createException(W3CHttpResponseCodec.java:187)
	at org.openqa.selenium.remote.http.W3CHttpResponseCodec.decode(W3CHttpResponseCodec.java:122)
	at org.openqa.selenium.remote.http.W3CHttpResponseCodec.decode(W3CHttpResponseCodec.java:49)
	at org.openqa.selenium.remote.HttpCommandExecutor.execute(HttpCommandExecutor.java:158)
	at org.openqa.selenium.remote.service.DriverCommandExecutor.execute(DriverCommandExecutor.java:83)
	at org.openqa.selenium.remote.RemoteWebDriver.execute(RemoteWebDriver.java:552)
	at org.openqa.selenium.remote.RemoteWebElement.execute(RemoteWebElement.java:285)
	at org.openqa.selenium.remote.RemoteWebElement.click(RemoteWebElement.java:84)
	at sun.reflect.NativeMethodAccessorImpl.invoke0(Native Method)
	at sun.reflect.NativeMethodAccessorImpl.invoke(Unknown Source)
	at sun.reflect.DelegatingMethodAccessorImpl.invoke(Unknown Source)
	at java.lang.reflect.Method.invoke(Unknown Source)
	at org.openqa.selenium.support.pagefactory.internal.LocatingElementHandler.invoke(LocatingElementHandler.java:51)
	at com.sun.proxy.$Proxy27.click(Unknown Source)
	at com.freecrm.pages.Home.clickOnContactDD(Home.java:35)
	at com.freecrm.pages.Contacts.goToCompaniesPage(Contacts.java:156)
	at com.crm.testcases.CompaniesTest.setUp(CompaniesTest.java:38)
	at sun.reflect.NativeMethodAccessorImpl.invoke0(Native Method)
	at sun.reflect.NativeMethodAccessorImpl.invoke(Unknown Source)
	at sun.reflect.DelegatingMethodAccessorImpl.invoke(Unknown Source)
	at java.lang.reflect.Method.invoke(Unknown Source)
	at org.testng.internal.MethodInvocationHelper.invokeMethod(MethodInvocationHelper.java:134)
	at org.testng.internal.MethodInvocationHelper.invokeMethodConsideringTimeout(MethodInvocationHelper.java:63)
	at org.testng.internal.ConfigInvoker.invokeConfigurationMethod(ConfigInvoker.java:348)
	at org.testng.internal.ConfigInvoker.invokeConfigurations(ConfigInvoker.java:302)
	at org.testng.internal.TestInvoker.runConfigMethods(TestInvoker.java:695)
	at org.testng.internal.TestInvoker.invokeMethod(TestInvoker.java:523)
	at org.testng.internal.TestInvoker.invokeTestMethod(TestInvoker.java:173)
	at org.testng.internal.MethodRunner.runInSequence(MethodRunner.java:46)
	at org.testng.internal.TestInvoker$MethodInvocationAgent.invoke(TestInvoker.java:816)
	at org.testng.internal.TestInvoker.invokeTestMethods(TestInvoker.java:146)
	at org.testng.internal.TestMethodWorker.invokeTestMethods(TestMethodWorker.java:146)
	at org.testng.internal.TestMethodWorker.run(TestMethodWorker.java:128)
	at java.util.ArrayList.forEach(Unknown Source)
	at org.testng.TestRunner.privateRun(TestRunner.java:766)
	at org.testng.TestRunner.run(TestRunner.java:587)
	at org.testng.SuiteRunner.runTest(SuiteRunner.java:384)
	at org.testng.SuiteRunner.access$000(SuiteRunner.java:28)
	at org.testng.SuiteRunner$SuiteWorker.run(SuiteRunner.java:425)
	at org.testng.internal.thread.ThreadUtil.lambda$execute$0(ThreadUtil.java:68)
	at java.util.concurrent.FutureTask.run(Unknown Source)
	at java.util.concurrent.ThreadPoolExecutor.runWorker(Unknown Source)
	at java.util.concurrent.ThreadPoolExecutor$Worker.run(Unknown Source)
	at java.lang.Thread.run(Unknown Source)
</pre></div></td>
<td>0</td>
<td>com.crm.testcases.CompaniesTest@4f67eb2a</td></tr>
</table><p>
</body>
</html>