<?xml version="1.0" encoding="UTF-8"?>
<!-- Generated by org.testng.reporters.JUnitXMLReporter -->
<testsuite hostname="DESKTOP-OQCEQJM" ignored="0" name="Hub spot regression tests on firefox browser" tests="21" failures="1" timestamp="2020-05-02T05:54:09 EDT" time="315.728" errors="0">
  <testcase name="testSignOut" time="0.615" classname="com.crm.testcases.CompaniesTest">
    <failure type="org.openqa.selenium.ElementClickInterceptedException" message="Element &amp;lt;a id=&amp;quot;account-menu&amp;quot; class=&amp;quot;primary-link&amp;quot;&amp;gt; is not clickable at point (1327,27) because another element &amp;lt;div class=&amp;quot;private-overlay uiOverlay-backdrop private-overlay--light&amp;quot;&amp;gt; obscures it
Build info: version: &amp;apos;3.141.59&amp;apos;, revision: &amp;apos;e82be7d358&amp;apos;, time: &amp;apos;2018-11-14T08:17:03&amp;apos;
System info: host: &amp;apos;DESKTOP-OQCEQJM&amp;apos;, ip: &amp;apos;192.168.1.2&amp;apos;, os.name: &amp;apos;Windows 10&amp;apos;, os.arch: &amp;apos;amd64&amp;apos;, os.version: &amp;apos;10.0&amp;apos;, java.version: &amp;apos;1.8.0_191&amp;apos;
Driver info: org.openqa.selenium.firefox.FirefoxDriver
Capabilities {acceptInsecureCerts: true, browserName: firefox, browserVersion: 72.0.1, javascriptEnabled: true, moz:accessibilityChecks: false, moz:buildID: 20200107212822, moz:geckodriverVersion: 0.26.0, moz:headless: false, moz:processID: 14380, moz:profile: C:\Users\DG1S5M2\AppData\Lo..., moz:shutdownTimeout: 60000, moz:useNonSpecCompliantPointerOrigin: false, moz:webdriverClick: true, pageLoadStrategy: normal, platform: WINDOWS, platformName: WINDOWS, platformVersion: 10.0, rotatable: false, setWindowRect: true, strictFileInteractability: false, timeouts: {implicit: 0, pageLoad: 300000, script: 30000}, unhandledPromptBehavior: dismiss and notify}
Session ID: 4f4914a5-3357-437f-ae11-581085e23251">
      <![CDATA[org.openqa.selenium.ElementClickInterceptedException: Element <a id="account-menu" class="primary-link"> is not clickable at point (1327,27) because another element <div class="private-overlay uiOverlay-backdrop private-overlay--light"> obscures it
Build info: version: '3.141.59', revision: 'e82be7d358', time: '2018-11-14T08:17:03'
System info: host: 'DESKTOP-OQCEQJM', ip: '192.168.1.2', os.name: 'Windows 10', os.arch: 'amd64', os.version: '10.0', java.version: '1.8.0_191'
Driver info: org.openqa.selenium.firefox.FirefoxDriver
Capabilities {acceptInsecureCerts: true, browserName: firefox, browserVersion: 72.0.1, javascriptEnabled: true, moz:accessibilityChecks: false, moz:buildID: 20200107212822, moz:geckodriverVersion: 0.26.0, moz:headless: false, moz:processID: 14380, moz:profile: C:\Users\DG1S5M2\AppData\Lo..., moz:shutdownTimeout: 60000, moz:useNonSpecCompliantPointerOrigin: false, moz:webdriverClick: true, pageLoadStrategy: normal, platform: WINDOWS, platformName: WINDOWS, platformVersion: 10.0, rotatable: false, setWindowRect: true, strictFileInteractability: false, timeouts: {implicit: 0, pageLoad: 300000, script: 30000}, unhandledPromptBehavior: dismiss and notify}
Session ID: 4f4914a5-3357-437f-ae11-581085e23251
at org.openqa.selenium.remote.http.W3CHttpResponseCodec.createException(W3CHttpResponseCodec.java:187)
at org.openqa.selenium.remote.http.W3CHttpResponseCodec.decode(W3CHttpResponseCodec.java:122)
at org.openqa.selenium.remote.http.W3CHttpResponseCodec.decode(W3CHttpResponseCodec.java:49)
at org.openqa.selenium.remote.HttpCommandExecutor.execute(HttpCommandExecutor.java:158)
at org.openqa.selenium.remote.service.DriverCommandExecutor.execute(DriverCommandExecutor.java:83)
at org.openqa.selenium.remote.RemoteWebDriver.execute(RemoteWebDriver.java:552)
at org.openqa.selenium.remote.RemoteWebElement.execute(RemoteWebElement.java:285)
at org.openqa.selenium.remote.RemoteWebElement.click(RemoteWebElement.java:84)
at org.openqa.selenium.support.pagefactory.internal.LocatingElementHandler.invoke(LocatingElementHandler.java:51)
at com.sun.proxy.$Proxy27.click(Unknown Source)
at com.freecrm.pages.Companies.clickOnUserAccount(Companies.java:29)
at com.crm.testcases.CompaniesTest.testSignOut(CompaniesTest.java:43)
at java.util.ArrayList.forEach(Unknown Source)
at java.util.concurrent.FutureTask.run(Unknown Source)
at java.util.concurrent.ThreadPoolExecutor.runWorker(Unknown Source)
at java.util.concurrent.ThreadPoolExecutor$Worker.run(Unknown Source)
at java.lang.Thread.run(Unknown Source)
... Removed 26 stack frames]]>
    </failure>
  </testcase> <!-- testSignOut -->
  <testcase name="testSignOut" time="0.0" classname="com.crm.testcases.CompaniesTest">
    <skipped/>
  </testcase> <!-- testSignOut -->
  <testcase name="testContactsTitle" time="3.074" classname="com.crm.testcases.ContactsTest"/>
  <testcase name="testContactsTitle" time="3.002" classname="com.crm.testcases.ContactsTest"/>
  <testcase name="testHomePageHeaderDropdownLinks" time="8.478" classname="com.crm.testcases.HomeTest"/>
  <testcase name="testHomePageHeaderDropdownLinks" time="7.579" classname="com.crm.testcases.HomeTest"/>
  <testcase name="testLoginInCRM" time="6.597" classname="com.crm.testcases.LoginTest"/>
  <testcase name="testLoginInCRM" time="8.413" classname="com.crm.testcases.LoginTest"/>
  <testcase name="testHomePageUrl" time="4.824" classname="com.crm.testcases.HomeTest"/>
  <testcase name="testHomePageUrl" time="7.952" classname="com.crm.testcases.HomeTest"/>
  <testcase name="testcreateContacts" time="8.334" classname="com.crm.testcases.ContactsTest"/>
  <testcase name="testcreateContacts" time="9.411" classname="com.crm.testcases.ContactsTest"/>
  <testcase name="testcreateContacts" time="7.935" classname="com.crm.testcases.ContactsTest"/>
  <testcase name="testcreateContacts" time="7.989" classname="com.crm.testcases.ContactsTest"/>
  <testcase name="testcreateContacts" time="7.632" classname="com.crm.testcases.ContactsTest"/>
  <testcase name="testcreateContacts" time="7.841" classname="com.crm.testcases.ContactsTest"/>
  <testcase name="testcreateContacts" time="8.691" classname="com.crm.testcases.ContactsTest"/>
  <testcase name="testcreateContacts" time="7.952" classname="com.crm.testcases.ContactsTest"/>
  <testcase name="testcreateContacts" time="8.458" classname="com.crm.testcases.ContactsTest"/>
  <testcase name="testcreateContacts" time="7.791" classname="com.crm.testcases.ContactsTest"/>
  <testcase name="testIfContactsCreated" time="16.821" classname="com.crm.testcases.ContactsTest"/>
</testsuite> <!-- Hub spot regression tests on firefox browser -->
