<?xml version="1.0" encoding="UTF-8"?>
<!-- Generated by org.testng.reporters.JUnitXMLReporter -->
<testsuite hostname="DESKTOP-OQCEQJM" ignored="0" name="Hub spot regression tests on chrome browser" tests="22" failures="0" timestamp="2020-05-02T06:51:58 EDT" time="382.52" errors="0">
  <testcase name="@BeforeMethod setUp" time="27.476" classname="com.crm.testcases.CompaniesTest">
    <failure type="org.openqa.selenium.ElementClickInterceptedException" message="Element &amp;lt;a id=&amp;quot;nav-primary-contacts-branch&amp;quot; class=&amp;quot;primary-link&amp;quot; href=&amp;quot;?isDestination=false&amp;quot;&amp;gt; is not clickable at point (108,27) because another element &amp;lt;div class=&amp;quot;private-overlay uiOverlay-backdrop private-overlay--light&amp;quot;&amp;gt; obscures it
Build info: version: &amp;apos;3.141.59&amp;apos;, revision: &amp;apos;e82be7d358&amp;apos;, time: &amp;apos;2018-11-14T08:17:03&amp;apos;
System info: host: &amp;apos;DESKTOP-OQCEQJM&amp;apos;, ip: &amp;apos;192.168.1.2&amp;apos;, os.name: &amp;apos;Windows 10&amp;apos;, os.arch: &amp;apos;amd64&amp;apos;, os.version: &amp;apos;10.0&amp;apos;, java.version: &amp;apos;1.8.0_191&amp;apos;
Driver info: org.openqa.selenium.firefox.FirefoxDriver
Capabilities {acceptInsecureCerts: true, browserName: firefox, browserVersion: 72.0.1, javascriptEnabled: true, moz:accessibilityChecks: false, moz:buildID: 20200107212822, moz:geckodriverVersion: 0.26.0, moz:headless: false, moz:processID: 19464, moz:profile: C:\Users\DG1S5M2\AppData\Lo..., moz:shutdownTimeout: 60000, moz:useNonSpecCompliantPointerOrigin: false, moz:webdriverClick: true, pageLoadStrategy: normal, platform: WINDOWS, platformName: WINDOWS, platformVersion: 10.0, rotatable: false, setWindowRect: true, strictFileInteractability: false, timeouts: {implicit: 0, pageLoad: 300000, script: 30000}, unhandledPromptBehavior: dismiss and notify}
Session ID: f8a7e274-55e2-4f3b-a05e-4ce96264f463">
      <![CDATA[org.openqa.selenium.ElementClickInterceptedException: Element <a id="nav-primary-contacts-branch" class="primary-link" href="?isDestination=false"> is not clickable at point (108,27) because another element <div class="private-overlay uiOverlay-backdrop private-overlay--light"> obscures it
Build info: version: '3.141.59', revision: 'e82be7d358', time: '2018-11-14T08:17:03'
System info: host: 'DESKTOP-OQCEQJM', ip: '192.168.1.2', os.name: 'Windows 10', os.arch: 'amd64', os.version: '10.0', java.version: '1.8.0_191'
Driver info: org.openqa.selenium.firefox.FirefoxDriver
Capabilities {acceptInsecureCerts: true, browserName: firefox, browserVersion: 72.0.1, javascriptEnabled: true, moz:accessibilityChecks: false, moz:buildID: 20200107212822, moz:geckodriverVersion: 0.26.0, moz:headless: false, moz:processID: 19464, moz:profile: C:\Users\DG1S5M2\AppData\Lo..., moz:shutdownTimeout: 60000, moz:useNonSpecCompliantPointerOrigin: false, moz:webdriverClick: true, pageLoadStrategy: normal, platform: WINDOWS, platformName: WINDOWS, platformVersion: 10.0, rotatable: false, setWindowRect: true, strictFileInteractability: false, timeouts: {implicit: 0, pageLoad: 300000, script: 30000}, unhandledPromptBehavior: dismiss and notify}
Session ID: f8a7e274-55e2-4f3b-a05e-4ce96264f463
at org.openqa.selenium.remote.http.W3CHttpResponseCodec.createException(W3CHttpResponseCodec.java:187)
at org.openqa.selenium.remote.http.W3CHttpResponseCodec.decode(W3CHttpResponseCodec.java:122)
at org.openqa.selenium.remote.http.W3CHttpResponseCodec.decode(W3CHttpResponseCodec.java:49)
at org.openqa.selenium.remote.HttpCommandExecutor.execute(HttpCommandExecutor.java:158)
at org.openqa.selenium.remote.service.DriverCommandExecutor.execute(DriverCommandExecutor.java:83)
at org.openqa.selenium.remote.RemoteWebDriver.execute(RemoteWebDriver.java:552)
at org.openqa.selenium.remote.RemoteWebElement.execute(RemoteWebElement.java:285)
at org.openqa.selenium.remote.RemoteWebElement.click(RemoteWebElement.java:84)
at org.openqa.selenium.support.pagefactory.internal.LocatingElementHandler.invoke(LocatingElementHandler.java:51)
at com.sun.proxy.$Proxy27.click(Unknown Source)
at com.freecrm.pages.Home.clickOnContactDD(Home.java:35)
at com.freecrm.pages.Contacts.goToCompaniesPage(Contacts.java:156)
at com.crm.testcases.CompaniesTest.setUp(CompaniesTest.java:38)
at java.util.ArrayList.forEach(Unknown Source)
at java.util.concurrent.FutureTask.run(Unknown Source)
at java.util.concurrent.ThreadPoolExecutor.runWorker(Unknown Source)
at java.util.concurrent.ThreadPoolExecutor$Worker.run(Unknown Source)
at java.lang.Thread.run(Unknown Source)
... Removed 30 stack frames]]>
    </failure>
  </testcase> <!-- @BeforeMethod setUp -->
  <testcase name="testSignOut" time="0.0" classname="com.crm.testcases.CompaniesTest">
    <skipped/>
  </testcase> <!-- testSignOut -->
  <testcase name="testSignOut" time="8.127" classname="com.crm.testcases.CompaniesTest"/>
  <testcase name="testContactsTitle" time="4.314" classname="com.crm.testcases.ContactsTest"/>
  <testcase name="testContactsTitle" time="1.947" classname="com.crm.testcases.ContactsTest"/>
  <testcase name="testHomePageHeaderDropdownLinks" time="5.8" classname="com.crm.testcases.HomeTest"/>
  <testcase name="testHomePageHeaderDropdownLinks" time="8.67" classname="com.crm.testcases.HomeTest"/>
  <testcase name="testLoginInCRM" time="7.591" classname="com.crm.testcases.LoginTest"/>
  <testcase name="testLoginInCRM" time="8.055" classname="com.crm.testcases.LoginTest"/>
  <testcase name="testHomePageUrl" time="2.805" classname="com.crm.testcases.HomeTest"/>
  <testcase name="testHomePageUrl" time="7.38" classname="com.crm.testcases.HomeTest"/>
  <testcase name="testcreateContacts" time="12.016" classname="com.crm.testcases.ContactsTest"/>
  <testcase name="testcreateContacts" time="13.574" classname="com.crm.testcases.ContactsTest"/>
  <testcase name="testcreateContacts" time="14.742" classname="com.crm.testcases.ContactsTest"/>
  <testcase name="testcreateContacts" time="12.31" classname="com.crm.testcases.ContactsTest"/>
  <testcase name="testcreateContacts" time="13.755" classname="com.crm.testcases.ContactsTest"/>
  <testcase name="testcreateContacts" time="13.064" classname="com.crm.testcases.ContactsTest"/>
  <testcase name="testcreateContacts" time="13.098" classname="com.crm.testcases.ContactsTest"/>
  <testcase name="testcreateContacts" time="11.663" classname="com.crm.testcases.ContactsTest"/>
  <testcase name="testcreateContacts" time="12.563" classname="com.crm.testcases.ContactsTest"/>
  <testcase name="testcreateContacts" time="12.651" classname="com.crm.testcases.ContactsTest"/>
  <testcase name="testIfContactsCreated" time="19.993" classname="com.crm.testcases.ContactsTest"/>
  <testcase name="testIfContactsCreated" time="19.959" classname="com.crm.testcases.ContactsTest"/>
</testsuite> <!-- Hub spot regression tests on chrome browser -->
